04-Oct-2024 18:22:32.404 INFO [main] org.apache.catalina.startup.VersionLoggerListener.log Server version name:   Apache Tomcat/10.1.26
04-Oct-2024 18:22:32.412 INFO [main] org.apache.catalina.startup.VersionLoggerListener.log Server built:          Jul 7 2024 21:02:13 UTC
04-Oct-2024 18:22:32.413 INFO [main] org.apache.catalina.startup.VersionLoggerListener.log Server version number: 10.1.26.0
04-Oct-2024 18:22:32.413 INFO [main] org.apache.catalina.startup.VersionLoggerListener.log OS Name:               Windows 11
04-Oct-2024 18:22:32.413 INFO [main] org.apache.catalina.startup.VersionLoggerListener.log OS Version:            10.0
04-Oct-2024 18:22:32.414 INFO [main] org.apache.catalina.startup.VersionLoggerListener.log Architecture:          amd64
04-Oct-2024 18:22:32.414 INFO [main] org.apache.catalina.startup.VersionLoggerListener.log Java Home:             C:\Users\PC\.jdks\openjdk-22.0.2
04-Oct-2024 18:22:32.414 INFO [main] org.apache.catalina.startup.VersionLoggerListener.log JVM Version:           22.0.2+9-70
04-Oct-2024 18:22:32.414 INFO [main] org.apache.catalina.startup.VersionLoggerListener.log JVM Vendor:            Oracle Corporation
04-Oct-2024 18:22:32.415 INFO [main] org.apache.catalina.startup.VersionLoggerListener.log CATALINA_BASE:         D:\HK1-N3\LTWEB\BaiTap\BTTuan7
04-Oct-2024 18:22:32.415 INFO [main] org.apache.catalina.startup.VersionLoggerListener.log CATALINA_HOME:         C:\Users\PC\Documents\Zalo Received Files\apache-tomcat-10.1.26-windows-x64\apache-tomcat-10.1.26
04-Oct-2024 18:22:32.441 INFO [main] org.apache.catalina.startup.VersionLoggerListener.log Command line argument: --add-opens=java.base/java.lang=ALL-UNNAMED
04-Oct-2024 18:22:32.441 INFO [main] org.apache.catalina.startup.VersionLoggerListener.log Command line argument: --add-opens=java.base/java.io=ALL-UNNAMED
04-Oct-2024 18:22:32.442 INFO [main] org.apache.catalina.startup.VersionLoggerListener.log Command line argument: --add-opens=java.base/java.util=ALL-UNNAMED
04-Oct-2024 18:22:32.442 INFO [main] org.apache.catalina.startup.VersionLoggerListener.log Command line argument: --add-opens=java.base/java.util.concurrent=ALL-UNNAMED
04-Oct-2024 18:22:32.442 INFO [main] org.apache.catalina.startup.VersionLoggerListener.log Command line argument: --add-opens=java.rmi/sun.rmi.transport=ALL-UNNAMED
04-Oct-2024 18:22:32.442 INFO [main] org.apache.catalina.startup.VersionLoggerListener.log Command line argument: -Dcatalina.home=C:\Users\PC\Documents\Zalo Received Files\apache-tomcat-10.1.26-windows-x64\apache-tomcat-10.1.26
04-Oct-2024 18:22:32.442 INFO [main] org.apache.catalina.startup.VersionLoggerListener.log Command line argument: -Dcatalina.base=D:\HK1-N3\LTWEB\BaiTap\BTTuan7
04-Oct-2024 18:22:32.442 INFO [main] org.apache.catalina.startup.VersionLoggerListener.log Command line argument: -Djava.io.tmpdir=D:\HK1-N3\LTWEB\BaiTap\BTTuan7\temp
04-Oct-2024 18:22:32.443 INFO [main] org.apache.catalina.startup.VersionLoggerListener.log Command line argument: -Djava.util.logging.config.file=D:\HK1-N3\LTWEB\BaiTap\BTTuan7\conf\logging.properties
04-Oct-2024 18:22:32.443 INFO [main] org.apache.catalina.startup.VersionLoggerListener.log Command line argument: -Djava.util.logging.manager=org.apache.juli.ClassLoaderLogManager
04-Oct-2024 18:22:32.443 INFO [main] org.apache.catalina.startup.VersionLoggerListener.log Command line argument: -javaagent:C:\Program Files\JetBrains\IntelliJ IDEA 2024.2.0.2\lib\idea_rt.jar=51061:C:\Program Files\JetBrains\IntelliJ IDEA 2024.2.0.2\bin
04-Oct-2024 18:22:32.443 INFO [main] org.apache.catalina.startup.VersionLoggerListener.log Command line argument: -Dfile.encoding=UTF-8
04-Oct-2024 18:22:32.443 INFO [main] org.apache.catalina.startup.VersionLoggerListener.log Command line argument: -Dsun.stdout.encoding=UTF-8
04-Oct-2024 18:22:32.443 INFO [main] org.apache.catalina.startup.VersionLoggerListener.log Command line argument: -Dsun.stderr.encoding=UTF-8
04-Oct-2024 18:22:32.454 INFO [main] org.apache.catalina.core.AprLifecycleListener.lifecycleEvent Loaded Apache Tomcat Native library [2.0.7] using APR version [1.7.4].
04-Oct-2024 18:22:32.490 INFO [main] org.apache.catalina.core.AprLifecycleListener.initializeSSL OpenSSL successfully initialized [OpenSSL 3.0.13 30 Jan 2024]
04-Oct-2024 18:22:33.283 INFO [main] org.apache.coyote.AbstractProtocol.init Initializing ProtocolHandler ["http-nio-8080"]
04-Oct-2024 18:22:33.333 INFO [main] org.apache.catalina.startup.Catalina.load Server initialization in [1557] milliseconds
04-Oct-2024 18:22:33.475 INFO [main] org.apache.catalina.core.StandardService.startInternal Starting service [Catalina]
04-Oct-2024 18:22:33.476 INFO [main] org.apache.catalina.core.StandardEngine.startInternal Starting Servlet engine: [Apache Tomcat/10.1.26]
04-Oct-2024 18:22:33.507 INFO [main] org.apache.catalina.startup.HostConfig.deployDescriptor Deploying deployment descriptor [D:\HK1-N3\LTWEB\BaiTap\BTTuan7\conf\Catalina\localhost\BT5c1.xml]
04-Oct-2024 18:22:33.555 WARNING [main] org.apache.catalina.startup.HostConfig.deployDescriptor The path attribute with value [/BT5c1] in deployment descriptor [D:\HK1-N3\LTWEB\BaiTap\BTTuan7\conf\Catalina\localhost\BT5c1.xml] has been ignored
04-Oct-2024 18:22:34.415 INFO [main] org.apache.jasper.servlet.TldScanner.scanJars At least one JAR was scanned for TLDs yet contained no TLDs. Enable debug logging for this logger for a complete list of JARs that were scanned but no TLDs were found in them. Skipping unneeded JARs during scanning can improve startup time and JSP compilation time.
04-Oct-2024 18:22:34.554 INFO [main] org.apache.catalina.startup.HostConfig.deployDescriptor Deployment of deployment descriptor [D:\HK1-N3\LTWEB\BaiTap\BTTuan7\conf\Catalina\localhost\BT5c1.xml] has finished in [1,047] ms
04-Oct-2024 18:22:34.555 INFO [main] org.apache.catalina.startup.HostConfig.deployDescriptor Deploying deployment descriptor [D:\HK1-N3\LTWEB\BaiTap\BTTuan7\conf\Catalina\localhost\BT5p2.xml]
04-Oct-2024 18:22:34.556 WARNING [main] org.apache.catalina.startup.HostConfig.deployDescriptor The path attribute with value [/BT5p2] in deployment descriptor [D:\HK1-N3\LTWEB\BaiTap\BTTuan7\conf\Catalina\localhost\BT5p2.xml] has been ignored
04-Oct-2024 18:22:34.767 INFO [main] org.apache.jasper.servlet.TldScanner.scanJars At least one JAR was scanned for TLDs yet contained no TLDs. Enable debug logging for this logger for a complete list of JARs that were scanned but no TLDs were found in them. Skipping unneeded JARs during scanning can improve startup time and JSP compilation time.
04-Oct-2024 18:22:34.777 INFO [main] org.apache.catalina.startup.HostConfig.deployDescriptor Deployment of deployment descriptor [D:\HK1-N3\LTWEB\BaiTap\BTTuan7\conf\Catalina\localhost\BT5p2.xml] has finished in [221] ms
04-Oct-2024 18:22:34.777 INFO [main] org.apache.catalina.startup.HostConfig.deployDescriptor Deploying deployment descriptor [D:\HK1-N3\LTWEB\BaiTap\BTTuan7\conf\Catalina\localhost\BT6p1.xml]
04-Oct-2024 18:22:34.779 WARNING [main] org.apache.catalina.startup.HostConfig.deployDescriptor The path attribute with value [/BT6p1] in deployment descriptor [D:\HK1-N3\LTWEB\BaiTap\BTTuan7\conf\Catalina\localhost\BT6p1.xml] has been ignored
04-Oct-2024 18:22:34.787 SEVERE [main] org.apache.catalina.startup.HostConfig.deployDescriptor Error deploying deployment descriptor [D:\HK1-N3\LTWEB\BaiTap\BTTuan7\conf\Catalina\localhost\BT6p1.xml]
	java.lang.IllegalStateException: Error starting child
		at org.apache.catalina.core.ContainerBase.addChildInternal(ContainerBase.java:602)
		at org.apache.catalina.core.ContainerBase.addChild(ContainerBase.java:571)
		at org.apache.catalina.core.StandardHost.addChild(StandardHost.java:654)
		at org.apache.catalina.startup.HostConfig.deployDescriptor(HostConfig.java:635)
		at org.apache.catalina.startup.HostConfig$DeployDescriptor.run(HostConfig.java:1889)
		at java.base/java.util.concurrent.Executors$RunnableAdapter.call(Executors.java:572)
		at java.base/java.util.concurrent.FutureTask.run(FutureTask.java:317)
		at org.apache.tomcat.util.threads.InlineExecutorService.execute(InlineExecutorService.java:75)
		at java.base/java.util.concurrent.AbstractExecutorService.submit(AbstractExecutorService.java:123)
		at org.apache.catalina.startup.HostConfig.deployDescriptors(HostConfig.java:530)
		at org.apache.catalina.startup.HostConfig.deployApps(HostConfig.java:421)
		at org.apache.catalina.startup.HostConfig.start(HostConfig.java:1629)
		at org.apache.catalina.startup.HostConfig.lifecycleEvent(HostConfig.java:303)
		at org.apache.catalina.util.LifecycleBase.fireLifecycleEvent(LifecycleBase.java:109)
		at org.apache.catalina.util.LifecycleBase.setStateInternal(LifecycleBase.java:385)
		at org.apache.catalina.util.LifecycleBase.setState(LifecycleBase.java:332)
		at org.apache.catalina.core.ContainerBase.startInternal(ContainerBase.java:776)
		at org.apache.catalina.core.StandardHost.startInternal(StandardHost.java:772)
		at org.apache.catalina.util.LifecycleBase.start(LifecycleBase.java:164)
		at org.apache.catalina.core.ContainerBase$StartChild.call(ContainerBase.java:1203)
		at org.apache.catalina.core.ContainerBase$StartChild.call(ContainerBase.java:1193)
		at java.base/java.util.concurrent.FutureTask.run(FutureTask.java:317)
		at org.apache.tomcat.util.threads.InlineExecutorService.execute(InlineExecutorService.java:75)
		at java.base/java.util.concurrent.AbstractExecutorService.submit(AbstractExecutorService.java:145)
		at org.apache.catalina.core.ContainerBase.startInternal(ContainerBase.java:749)
		at org.apache.catalina.core.StandardEngine.startInternal(StandardEngine.java:203)
		at org.apache.catalina.util.LifecycleBase.start(LifecycleBase.java:164)
		at org.apache.catalina.core.StandardService.startInternal(StandardService.java:415)
		at org.apache.catalina.util.LifecycleBase.start(LifecycleBase.java:164)
		at org.apache.catalina.core.StandardServer.startInternal(StandardServer.java:874)
		at org.apache.catalina.util.LifecycleBase.start(LifecycleBase.java:164)
		at org.apache.catalina.startup.Catalina.start(Catalina.java:757)
		at java.base/jdk.internal.reflect.DirectMethodHandleAccessor.invoke(DirectMethodHandleAccessor.java:103)
		at java.base/java.lang.reflect.Method.invoke(Method.java:580)
		at org.apache.catalina.startup.Bootstrap.start(Bootstrap.java:345)
		at org.apache.catalina.startup.Bootstrap.main(Bootstrap.java:473)
	Caused by: org.apache.catalina.LifecycleException: Failed to start component [org.apache.catalina.webresources.StandardRoot@6fefce9e]
		at org.apache.catalina.util.LifecycleBase.handleSubClassException(LifecycleBase.java:402)
		at org.apache.catalina.util.LifecycleBase.start(LifecycleBase.java:179)
		at org.apache.catalina.core.StandardContext.resourcesStart(StandardContext.java:4110)
		at org.apache.catalina.core.StandardContext.startInternal(StandardContext.java:4232)
		at org.apache.catalina.util.LifecycleBase.start(LifecycleBase.java:164)
		at org.apache.catalina.core.ContainerBase.addChildInternal(ContainerBase.java:599)
		... 35 more
	Caused by: java.lang.IllegalArgumentException: The main resource set specified [C:\Users\PC\Documents\NetBeansProjects\BT6p1\target\BT6p1-1.0-SNAPSHOT] is not a directory or war file, or is not readable (it does not exist or permissions to access it are missing)
		at org.apache.catalina.webresources.StandardRoot.createMainResourceSet(StandardRoot.java:749)
		at org.apache.catalina.webresources.StandardRoot.startInternal(StandardRoot.java:707)
		at org.apache.catalina.util.LifecycleBase.start(LifecycleBase.java:164)
		... 39 more
04-Oct-2024 18:22:34.795 INFO [main] org.apache.catalina.startup.HostConfig.deployDescriptor Deployment of deployment descriptor [D:\HK1-N3\LTWEB\BaiTap\BTTuan7\conf\Catalina\localhost\BT6p1.xml] has finished in [18] ms
04-Oct-2024 18:22:34.796 INFO [main] org.apache.catalina.startup.HostConfig.deployDescriptor Deploying deployment descriptor [D:\HK1-N3\LTWEB\BaiTap\BTTuan7\conf\Catalina\localhost\BT6p2.xml]
04-Oct-2024 18:22:34.797 WARNING [main] org.apache.catalina.startup.HostConfig.deployDescriptor The path attribute with value [/BT6p2] in deployment descriptor [D:\HK1-N3\LTWEB\BaiTap\BTTuan7\conf\Catalina\localhost\BT6p2.xml] has been ignored
04-Oct-2024 18:22:36.024 INFO [main] org.apache.jasper.servlet.TldScanner.scanJars At least one JAR was scanned for TLDs yet contained no TLDs. Enable debug logging for this logger for a complete list of JARs that were scanned but no TLDs were found in them. Skipping unneeded JARs during scanning can improve startup time and JSP compilation time.
04-Oct-2024 18:22:36.083 INFO [main] org.apache.catalina.startup.HostConfig.deployDescriptor Deployment of deployment descriptor [D:\HK1-N3\LTWEB\BaiTap\BTTuan7\conf\Catalina\localhost\BT6p2.xml] has finished in [1,287] ms
04-Oct-2024 18:22:36.083 INFO [main] org.apache.catalina.startup.HostConfig.deployDescriptor Deploying deployment descriptor [D:\HK1-N3\LTWEB\BaiTap\BTTuan7\conf\Catalina\localhost\BT7p3.xml]
04-Oct-2024 18:22:36.085 WARNING [main] org.apache.catalina.startup.HostConfig.deployDescriptor The path attribute with value [/BT7p3] in deployment descriptor [D:\HK1-N3\LTWEB\BaiTap\BTTuan7\conf\Catalina\localhost\BT7p3.xml] has been ignored
04-Oct-2024 18:22:36.234 INFO [main] org.apache.jasper.servlet.TldScanner.scanJars At least one JAR was scanned for TLDs yet contained no TLDs. Enable debug logging for this logger for a complete list of JARs that were scanned but no TLDs were found in them. Skipping unneeded JARs during scanning can improve startup time and JSP compilation time.
04-Oct-2024 18:22:36.247 INFO [main] org.apache.catalina.startup.HostConfig.deployDescriptor Deployment of deployment descriptor [D:\HK1-N3\LTWEB\BaiTap\BTTuan7\conf\Catalina\localhost\BT7p3.xml] has finished in [164] ms
04-Oct-2024 18:22:36.248 INFO [main] org.apache.catalina.startup.HostConfig.deployDescriptor Deploying deployment descriptor [D:\HK1-N3\LTWEB\BaiTap\BTTuan7\conf\Catalina\localhost\BTTuan2.xml]
04-Oct-2024 18:22:36.250 WARNING [main] org.apache.catalina.startup.HostConfig.deployDescriptor The path attribute with value [/BTTuan2] in deployment descriptor [D:\HK1-N3\LTWEB\BaiTap\BTTuan7\conf\Catalina\localhost\BTTuan2.xml] has been ignored
04-Oct-2024 18:22:36.404 INFO [main] org.apache.jasper.servlet.TldScanner.scanJars At least one JAR was scanned for TLDs yet contained no TLDs. Enable debug logging for this logger for a complete list of JARs that were scanned but no TLDs were found in them. Skipping unneeded JARs during scanning can improve startup time and JSP compilation time.
04-Oct-2024 18:22:36.410 INFO [main] org.apache.catalina.startup.HostConfig.deployDescriptor Deployment of deployment descriptor [D:\HK1-N3\LTWEB\BaiTap\BTTuan7\conf\Catalina\localhost\BTTuan2.xml] has finished in [162] ms
04-Oct-2024 18:22:36.410 INFO [main] org.apache.catalina.startup.HostConfig.deployDescriptor Deploying deployment descriptor [D:\HK1-N3\LTWEB\BaiTap\BTTuan7\conf\Catalina\localhost\BTTuan3NB.xml]
04-Oct-2024 18:22:36.413 WARNING [main] org.apache.catalina.startup.HostConfig.deployDescriptor The path attribute with value [/BTTuan3NB] in deployment descriptor [D:\HK1-N3\LTWEB\BaiTap\BTTuan7\conf\Catalina\localhost\BTTuan3NB.xml] has been ignored
04-Oct-2024 18:22:36.597 INFO [main] org.apache.jasper.servlet.TldScanner.scanJars At least one JAR was scanned for TLDs yet contained no TLDs. Enable debug logging for this logger for a complete list of JARs that were scanned but no TLDs were found in them. Skipping unneeded JARs during scanning can improve startup time and JSP compilation time.
04-Oct-2024 18:22:36.604 INFO [main] org.apache.catalina.startup.HostConfig.deployDescriptor Deployment of deployment descriptor [D:\HK1-N3\LTWEB\BaiTap\BTTuan7\conf\Catalina\localhost\BTTuan3NB.xml] has finished in [194] ms
04-Oct-2024 18:22:36.605 INFO [main] org.apache.catalina.startup.HostConfig.deployDescriptor Deploying deployment descriptor [D:\HK1-N3\LTWEB\BaiTap\BTTuan7\conf\Catalina\localhost\BTTuan6.xml]
04-Oct-2024 18:22:36.606 WARNING [main] org.apache.catalina.startup.HostConfig.deployDescriptor The path attribute with value [/BTTuan6] in deployment descriptor [D:\HK1-N3\LTWEB\BaiTap\BTTuan7\conf\Catalina\localhost\BTTuan6.xml] has been ignored
04-Oct-2024 18:22:36.728 INFO [main] org.apache.jasper.servlet.TldScanner.scanJars At least one JAR was scanned for TLDs yet contained no TLDs. Enable debug logging for this logger for a complete list of JARs that were scanned but no TLDs were found in them. Skipping unneeded JARs during scanning can improve startup time and JSP compilation time.
04-Oct-2024 18:22:36.734 INFO [main] org.apache.catalina.startup.HostConfig.deployDescriptor Deployment of deployment descriptor [D:\HK1-N3\LTWEB\BaiTap\BTTuan7\conf\Catalina\localhost\BTTuan6.xml] has finished in [129] ms
04-Oct-2024 18:22:36.735 INFO [main] org.apache.catalina.startup.HostConfig.deployDescriptor Deploying deployment descriptor [D:\HK1-N3\LTWEB\BaiTap\BTTuan7\conf\Catalina\localhost\BTTuan7.xml]
04-Oct-2024 18:22:37.979 INFO [main] org.apache.jasper.servlet.TldScanner.scanJars At least one JAR was scanned for TLDs yet contained no TLDs. Enable debug logging for this logger for a complete list of JARs that were scanned but no TLDs were found in them. Skipping unneeded JARs during scanning can improve startup time and JSP compilation time.
04-Oct-2024 18:22:38.087 INFO [main] org.apache.catalina.startup.HostConfig.deployDescriptor Deployment of deployment descriptor [D:\HK1-N3\LTWEB\BaiTap\BTTuan7\conf\Catalina\localhost\BTTuan7.xml] has finished in [1,351] ms
04-Oct-2024 18:22:38.088 INFO [main] org.apache.catalina.startup.HostConfig.deployDescriptor Deploying deployment descriptor [D:\HK1-N3\LTWEB\BaiTap\BTTuan7\conf\Catalina\localhost\BTTuanso2.xml]
04-Oct-2024 18:22:38.091 WARNING [main] org.apache.catalina.startup.HostConfig.deployDescriptor The path attribute with value [/BTTuanso2] in deployment descriptor [D:\HK1-N3\LTWEB\BaiTap\BTTuan7\conf\Catalina\localhost\BTTuanso2.xml] has been ignored
04-Oct-2024 18:22:38.264 INFO [main] org.apache.jasper.servlet.TldScanner.scanJars At least one JAR was scanned for TLDs yet contained no TLDs. Enable debug logging for this logger for a complete list of JARs that were scanned but no TLDs were found in them. Skipping unneeded JARs during scanning can improve startup time and JSP compilation time.
04-Oct-2024 18:22:38.271 INFO [main] org.apache.catalina.startup.HostConfig.deployDescriptor Deployment of deployment descriptor [D:\HK1-N3\LTWEB\BaiTap\BTTuan7\conf\Catalina\localhost\BTTuanso2.xml] has finished in [182] ms
04-Oct-2024 18:22:38.271 INFO [main] org.apache.catalina.startup.HostConfig.deployDescriptor Deploying deployment descriptor [D:\HK1-N3\LTWEB\BaiTap\BTTuan7\conf\Catalina\localhost\mavenproject1.xml]
04-Oct-2024 18:22:38.272 WARNING [main] org.apache.catalina.startup.HostConfig.deployDescriptor The path attribute with value [/mavenproject1] in deployment descriptor [D:\HK1-N3\LTWEB\BaiTap\BTTuan7\conf\Catalina\localhost\mavenproject1.xml] has been ignored
04-Oct-2024 18:22:38.363 INFO [main] org.apache.jasper.servlet.TldScanner.scanJars At least one JAR was scanned for TLDs yet contained no TLDs. Enable debug logging for this logger for a complete list of JARs that were scanned but no TLDs were found in them. Skipping unneeded JARs during scanning can improve startup time and JSP compilation time.
04-Oct-2024 18:22:38.366 INFO [main] org.apache.catalina.startup.HostConfig.deployDescriptor Deployment of deployment descriptor [D:\HK1-N3\LTWEB\BaiTap\BTTuan7\conf\Catalina\localhost\mavenproject1.xml] has finished in [95] ms
04-Oct-2024 18:22:38.367 INFO [main] org.apache.catalina.startup.HostConfig.deployDescriptor Deploying deployment descriptor [D:\HK1-N3\LTWEB\BaiTap\BTTuan7\conf\Catalina\localhost\WebCaNhan.xml]
04-Oct-2024 18:22:38.368 WARNING [main] org.apache.catalina.startup.HostConfig.deployDescriptor The path attribute with value [/WebCaNhan] in deployment descriptor [D:\HK1-N3\LTWEB\BaiTap\BTTuan7\conf\Catalina\localhost\WebCaNhan.xml] has been ignored
04-Oct-2024 18:22:38.482 INFO [main] org.apache.jasper.servlet.TldScanner.scanJars At least one JAR was scanned for TLDs yet contained no TLDs. Enable debug logging for this logger for a complete list of JARs that were scanned but no TLDs were found in them. Skipping unneeded JARs during scanning can improve startup time and JSP compilation time.
04-Oct-2024 18:22:38.491 INFO [main] org.apache.catalina.startup.HostConfig.deployDescriptor Deployment of deployment descriptor [D:\HK1-N3\LTWEB\BaiTap\BTTuan7\conf\Catalina\localhost\WebCaNhan.xml] has finished in [123] ms
04-Oct-2024 18:22:38.506 INFO [main] org.apache.coyote.AbstractProtocol.start Starting ProtocolHandler ["http-nio-8080"]
04-Oct-2024 18:22:38.589 INFO [main] org.apache.catalina.startup.Catalina.start Server startup in [5253] milliseconds
04-Oct-2024 18:23:06.483 INFO [Thread-1] org.apache.coyote.AbstractProtocol.pause Pausing ProtocolHandler ["http-nio-8080"]
04-Oct-2024 18:23:06.504 INFO [Thread-1] org.apache.catalina.core.StandardService.stopInternal Stopping service [Catalina]
04-Oct-2024 18:23:06.567 WARNING [Thread-1] org.apache.catalina.loader.WebappClassLoaderBase.clearReferencesJdbc The web application [BTTuan7] registered the JDBC driver [com.mysql.cj.jdbc.Driver] but failed to unregister it when the web application was stopped. To prevent a memory leak, the JDBC Driver has been forcibly unregistered.
04-Oct-2024 18:23:06.568 WARNING [Thread-1] org.apache.catalina.loader.WebappClassLoaderBase.clearReferencesThreads The web application [BTTuan7] appears to have started a thread named [mysql-cj-abandoned-connection-cleanup] but has failed to stop it. This is very likely to create a memory leak. Stack trace of thread:
 java.base/jdk.internal.misc.Unsafe.park(Native Method)
 java.base/java.util.concurrent.locks.LockSupport.parkNanos(LockSupport.java:269)
 java.base/java.util.concurrent.locks.AbstractQueuedSynchronizer$ConditionObject.await(AbstractQueuedSynchronizer.java:1847)
 java.base/java.lang.ref.ReferenceQueue.await(ReferenceQueue.java:71)
 java.base/java.lang.ref.ReferenceQueue.remove0(ReferenceQueue.java:143)
 java.base/java.lang.ref.ReferenceQueue.remove(ReferenceQueue.java:218)
 com.mysql.cj.jdbc.AbandonedConnectionCleanupThread.run(AbandonedConnectionCleanupThread.java:91)
 java.base/java.util.concurrent.ThreadPoolExecutor.runWorker(ThreadPoolExecutor.java:1144)
 java.base/java.util.concurrent.ThreadPoolExecutor$Worker.run(ThreadPoolExecutor.java:642)
 java.base/java.lang.Thread.run(Thread.java:1570)
04-Oct-2024 18:23:06.603 INFO [Thread-1] org.apache.coyote.AbstractProtocol.stop Stopping ProtocolHandler ["http-nio-8080"]
04-Oct-2024 18:23:06.616 INFO [Thread-1] org.apache.coyote.AbstractProtocol.destroy Destroying ProtocolHandler ["http-nio-8080"]
